2023-07-25 20:07:954 INFO  StartPage :30 - Click on start now button.[[ChromeDriver: chrome on windows (46b27b4c7224d0c55e102a73be668691)] -> partial link text: Start n]
2023-07-25 20:07:182 INFO  SelectNationalityPage :28 - Select nationality.Australiafrom drop down[[ChromeDriver: chrome on windows (46b27b4c7224d0c55e102a73be668691)] -> tag name: select]
2023-07-25 20:07:304 INFO  SelectNationalityPage :33 - Click on continue button.[[ChromeDriver: chrome on windows (46b27b4c7224d0c55e102a73be668691)] -> xpath: //button[contains(text(),'Continue')]]
2023-07-25 20:07:644 INFO  SelectNationalityPage :28 - Select nationality.Tourismfrom drop downProxy element for: DefaultElementLocator 'By.tagName: select'
2023-07-25 20:07:726 INFO  StartPage :30 - Click on start now button.[[ChromeDriver: chrome on windows (3dcc4446ca32eaebeb4600237ca61122)] -> partial link text: Start n]
2023-07-25 20:07:111 INFO  SelectNationalityPage :28 - Select nationality.Australiafrom drop down[[ChromeDriver: chrome on windows (3dcc4446ca32eaebeb4600237ca61122)] -> tag name: select]
2023-07-25 20:07:253 INFO  SelectNationalityPage :33 - Click on continue button.[[ChromeDriver: chrome on windows (3dcc4446ca32eaebeb4600237ca61122)] -> xpath: //button[contains(text(),'Continue')]]
2023-07-25 20:07:654 INFO  SelectNationalityPage :28 - Select nationality.Tourismfrom drop downProxy element for: DefaultElementLocator 'By.tagName: select'
2023-07-25 20:07:92 INFO  StartPage :30 - Click on start now button.[[ChromeDriver: chrome on windows (4a547c5d566eb20fdd3fc52d0ccaf625)] -> partial link text: Start n]
2023-07-25 20:07:327 INFO  SelectNationalityPage :28 - Select nationality.Australiafrom drop down[[ChromeDriver: chrome on windows (4a547c5d566eb20fdd3fc52d0ccaf625)] -> tag name: select]
2023-07-25 20:07:495 INFO  SelectNationalityPage :33 - Click on continue button.[[ChromeDriver: chrome on windows (4a547c5d566eb20fdd3fc52d0ccaf625)] -> xpath: //button[contains(text(),'Continue')]]
2023-07-25 20:07:698 INFO  SelectNationalityPage :28 - Select nationality.Tourismfrom drop downProxy element for: DefaultElementLocator 'By.tagName: select'
2023-07-25 20:07:65 INFO  StartPage :30 - Click on start now button.[[ChromeDriver: chrome on windows (1e888c953056050c8f2d1691ab979d2b)] -> partial link text: Start n]
2023-07-25 20:07:291 INFO  SelectNationalityPage :28 - Select nationality.Chilefrom drop down[[ChromeDriver: chrome on windows (1e888c953056050c8f2d1691ab979d2b)] -> tag name: select]
2023-07-25 20:07:426 INFO  SelectNationalityPage :33 - Click on continue button.[[ChromeDriver: chrome on windows (1e888c953056050c8f2d1691ab979d2b)] -> xpath: //button[contains(text(),'Continue')]]
2023-07-25 20:07:337 INFO  SelectNationalityPage :28 - Select nationality.Work, academic visit or businessfrom drop downProxy element for: DefaultElementLocator 'By.tagName: select'
2023-07-25 20:07:248 INFO  StartPage :30 - Click on start now button.[[ChromeDriver: chrome on windows (3eae122966c7377dc8984f347650c0ea)] -> partial link text: Start n]
2023-07-25 20:07:458 INFO  SelectNationalityPage :28 - Select nationality.Australiafrom drop down[[ChromeDriver: chrome on windows (3eae122966c7377dc8984f347650c0ea)] -> tag name: select]
2023-07-25 20:07:585 INFO  SelectNationalityPage :33 - Click on continue button.[[ChromeDriver: chrome on windows (3eae122966c7377dc8984f347650c0ea)] -> xpath: //button[contains(text(),'Continue')]]
2023-07-25 20:07:828 INFO  SelectNationalityPage :28 - Select nationality.Tourism or visiting family and friendsfrom drop downProxy element for: DefaultElementLocator 'By.tagName: select'
2023-07-25 20:07:171 INFO  StartPage :30 - Click on start now button.[[ChromeDriver: chrome on windows (c9c011f97329577d39bcff73f6fcb6b0)] -> partial link text: Start n]
2023-07-25 20:07:406 INFO  SelectNationalityPage :28 - Select nationality.Australiafrom drop down[[ChromeDriver: chrome on windows (c9c011f97329577d39bcff73f6fcb6b0)] -> tag name: select]
2023-07-25 20:07:552 INFO  SelectNationalityPage :33 - Click on continue button.[[ChromeDriver: chrome on windows (c9c011f97329577d39bcff73f6fcb6b0)] -> xpath: //button[contains(text(),'Continue')]]
2023-07-25 20:07:755 INFO  SelectNationalityPage :28 - Select nationality.Tourism or visiting family and friendsfrom drop downProxy element for: DefaultElementLocator 'By.tagName: select'
2023-07-25 21:07:380 INFO  StartPage :30 - Click Start[[ChromeDriver: chrome on windows (e570e21a49c0427b158bd2de7f084337)] -> partial link text: Start n]
2023-07-25 21:07:711 INFO  SelectNationalityPage :29 - Select Nationality[[ChromeDriver: chrome on windows (e570e21a49c0427b158bd2de7f084337)] -> xpath: //select[@id='response']]
2023-07-25 21:07:878 INFO  SelectNationalityPage :34 - Select Nationality[[ChromeDriver: chrome on windows (e570e21a49c0427b158bd2de7f084337)] -> xpath: //button[normalize-space()='Continue']]
2023-07-25 21:07:48 INFO  ReasonForTravelPage :26 - Enter ReasonTourism or visiting family and friends
2023-07-25 21:07:749 INFO  StartPage :30 - Click Start[[ChromeDriver: chrome on windows (47b69f0932ad002a1f6fc8641b2ef120)] -> partial link text: Start n]
2023-07-25 21:07:992 INFO  SelectNationalityPage :29 - Select Nationality[[ChromeDriver: chrome on windows (47b69f0932ad002a1f6fc8641b2ef120)] -> xpath: //select[@id='response']]
2023-07-25 21:07:130 INFO  SelectNationalityPage :34 - Select Nationality[[ChromeDriver: chrome on windows (47b69f0932ad002a1f6fc8641b2ef120)] -> xpath: //button[normalize-space()='Continue']]
2023-07-25 21:07:376 INFO  ReasonForTravelPage :26 - Enter ReasonWork, academic visit or business
2023-07-25 21:07:588 INFO  StartPage :30 - Click Start[[ChromeDriver: chrome on windows (98a6c281a7a028db3639ab7f1a4d43fe)] -> partial link text: Start n]
2023-07-25 21:07:787 INFO  SelectNationalityPage :29 - Select Nationality[[ChromeDriver: chrome on windows (98a6c281a7a028db3639ab7f1a4d43fe)] -> xpath: //select[@id='response']]
2023-07-25 21:07:900 INFO  SelectNationalityPage :34 - Select Nationality[[ChromeDriver: chrome on windows (98a6c281a7a028db3639ab7f1a4d43fe)] -> xpath: //button[normalize-space()='Continue']]
2023-07-25 21:07:68 INFO  ReasonForTravelPage :26 - Enter ReasonJoin partner or family for a long stay
2023-07-25 21:07:454 INFO  StartPage :33 - click on accept cookies button[[ChromeDriver: chrome on windows (2827aa3b1d341845409d698d76204bb6)] -> xpath: //button[contains(text(),'Accept additional cookies')]]
2023-07-25 21:07:669 INFO  StartPage :39 - click on hide message button[[ChromeDriver: chrome on windows (2827aa3b1d341845409d698d76204bb6)] -> xpath: //button[contains(text(),'Hide this message')]]
2023-07-25 21:07:492 INFO  StartPage :45 - click on start now button[[ChromeDriver: chrome on windows (2827aa3b1d341845409d698d76204bb6)] -> xpath: //a[normalize-space()='Start now']]
2023-07-25 21:07:731 INFO  SelectNationalityPage :30 - select the nationality [[ChromeDriver: chrome on windows (2827aa3b1d341845409d698d76204bb6)] -> xpath: //select[@id='response']]
2023-07-25 21:07:335 INFO  SelectNationalityPage :36 - click On next step button [[ChromeDriver: chrome on windows (2827aa3b1d341845409d698d76204bb6)] -> xpath: //button[normalize-space()='Continue']]
2023-07-25 21:07:536 INFO  ReasonForTravelPage :37 - select reason for travel [[[ChromeDriver: chrome on windows (2827aa3b1d341845409d698d76204bb6)] -> xpath: //div[@class='gem-c-radio govuk-radios__item']], [[ChromeDriver: chrome on windows (2827aa3b1d341845409d698d76204bb6)] -> xpath: //div[@class='gem-c-radio govuk-radios__item']], [[ChromeDriver: chrome on windows (2827aa3b1d341845409d698d76204bb6)] -> xpath: //div[@class='gem-c-radio govuk-radios__item']], [[ChromeDriver: chrome on windows (2827aa3b1d341845409d698d76204bb6)] -> xpath: //div[@class='gem-c-radio govuk-radios__item']], [[ChromeDriver: chrome on windows (2827aa3b1d341845409d698d76204bb6)] -> xpath: //div[@class='gem-c-radio govuk-radios__item']], [[ChromeDriver: chrome on windows (2827aa3b1d341845409d698d76204bb6)] -> xpath: //div[@class='gem-c-radio govuk-radios__item']], [[ChromeDriver: chrome on windows (2827aa3b1d341845409d698d76204bb6)] -> xpath: //div[@class='gem-c-radio govuk-radios__item']], [[ChromeDriver: chrome on windows (2827aa3b1d341845409d698d76204bb6)] -> xpath: //div[@class='gem-c-radio govuk-radios__item']], [[ChromeDriver: chrome on windows (2827aa3b1d341845409d698d76204bb6)] -> xpath: //div[@class='gem-c-radio govuk-radios__item']]]
2023-07-25 21:07:872 INFO  ReasonForTravelPage :44 - click on continue button[[ChromeDriver: chrome on windows (2827aa3b1d341845409d698d76204bb6)] -> xpath: //button[contains(text(),'Continue')]]
2023-07-25 21:07:88 INFO  ResultPage :51 - confirm the result message[[ChromeDriver: chrome on windows (2827aa3b1d341845409d698d76204bb6)] -> xpath: //h2[contains(text(),'You will not need a visa to come to the UK')]]
2023-07-25 21:07:628 INFO  StartPage :33 - click on accept cookies button[[ChromeDriver: chrome on windows (5140c64a3b9d81d79e6ee47546cf5fa8)] -> xpath: //button[contains(text(),'Accept additional cookies')]]
2023-07-25 21:07:731 INFO  StartPage :39 - click on hide message button[[ChromeDriver: chrome on windows (5140c64a3b9d81d79e6ee47546cf5fa8)] -> xpath: //button[contains(text(),'Hide this message')]]
2023-07-25 21:07:316 INFO  StartPage :45 - click on start now button[[ChromeDriver: chrome on windows (5140c64a3b9d81d79e6ee47546cf5fa8)] -> xpath: //a[normalize-space()='Start now']]
2023-07-25 21:07:444 INFO  SelectNationalityPage :30 - select the nationality [[ChromeDriver: chrome on windows (5140c64a3b9d81d79e6ee47546cf5fa8)] -> xpath: //select[@id='response']]
2023-07-25 21:07:648 INFO  SelectNationalityPage :36 - click On next step button [[ChromeDriver: chrome on windows (5140c64a3b9d81d79e6ee47546cf5fa8)] -> xpath: //button[normalize-space()='Continue']]
2023-07-25 21:07:878 INFO  ReasonForTravelPage :37 - select reason for travel [[[ChromeDriver: chrome on windows (5140c64a3b9d81d79e6ee47546cf5fa8)] -> xpath: //div[@class='gem-c-radio govuk-radios__item']], [[ChromeDriver: chrome on windows (5140c64a3b9d81d79e6ee47546cf5fa8)] -> xpath: //div[@class='gem-c-radio govuk-radios__item']], [[ChromeDriver: chrome on windows (5140c64a3b9d81d79e6ee47546cf5fa8)] -> xpath: //div[@class='gem-c-radio govuk-radios__item']], [[ChromeDriver: chrome on windows (5140c64a3b9d81d79e6ee47546cf5fa8)] -> xpath: //div[@class='gem-c-radio govuk-radios__item']], [[ChromeDriver: chrome on windows (5140c64a3b9d81d79e6ee47546cf5fa8)] -> xpath: //div[@class='gem-c-radio govuk-radios__item']], [[ChromeDriver: chrome on windows (5140c64a3b9d81d79e6ee47546cf5fa8)] -> xpath: //div[@class='gem-c-radio govuk-radios__item']], [[ChromeDriver: chrome on windows (5140c64a3b9d81d79e6ee47546cf5fa8)] -> xpath: //div[@class='gem-c-radio govuk-radios__item']], [[ChromeDriver: chrome on windows (5140c64a3b9d81d79e6ee47546cf5fa8)] -> xpath: //div[@class='gem-c-radio govuk-radios__item']], [[ChromeDriver: chrome on windows (5140c64a3b9d81d79e6ee47546cf5fa8)] -> xpath: //div[@class='gem-c-radio govuk-radios__item']]]
2023-07-25 21:07:56 INFO  SelectNationalityPage :36 - click On next step button [[ChromeDriver: chrome on windows (5140c64a3b9d81d79e6ee47546cf5fa8)] -> xpath: //button[normalize-space()='Continue']]
2023-07-25 21:07:254 INFO  DurationOfStayPage :41 - select the length of Stay[[ChromeDriver: chrome on windows (5140c64a3b9d81d79e6ee47546cf5fa8)] -> xpath: //input[@id='response-0']]
2023-07-25 21:07:267 INFO  DurationOfStayPage :42 - select the length of Stay[[ChromeDriver: chrome on windows (5140c64a3b9d81d79e6ee47546cf5fa8)] -> xpath: //input[@id='response-1']]
2023-07-25 21:07:502 INFO  SelectNationalityPage :36 - click On next step button [[ChromeDriver: chrome on windows (5140c64a3b9d81d79e6ee47546cf5fa8)] -> xpath: //button[normalize-space()='Continue']]
2023-07-25 21:07:880 INFO  StartPage :33 - click on accept cookies button[[ChromeDriver: chrome on windows (58474e46a8b59e03db5ca0fbd259bad6)] -> xpath: //button[contains(text(),'Accept additional cookies')]]
2023-07-25 21:07:188 INFO  StartPage :39 - click on hide message button[[ChromeDriver: chrome on windows (58474e46a8b59e03db5ca0fbd259bad6)] -> xpath: //button[contains(text(),'Hide this message')]]
2023-07-25 21:07:653 INFO  StartPage :45 - click on start now button[[ChromeDriver: chrome on windows (58474e46a8b59e03db5ca0fbd259bad6)] -> xpath: //a[normalize-space()='Start now']]
2023-07-25 21:07:792 INFO  SelectNationalityPage :30 - select the nationality [[ChromeDriver: chrome on windows (58474e46a8b59e03db5ca0fbd259bad6)] -> xpath: //select[@id='response']]
2023-07-25 21:07:987 INFO  SelectNationalityPage :36 - click On next step button [[ChromeDriver: chrome on windows (58474e46a8b59e03db5ca0fbd259bad6)] -> xpath: //button[normalize-space()='Continue']]
2023-07-25 21:07:239 INFO  ReasonForTravelPage :37 - select reason for travel [[[ChromeDriver: chrome on windows (58474e46a8b59e03db5ca0fbd259bad6)] -> xpath: //div[@class='gem-c-radio govuk-radios__item']], [[ChromeDriver: chrome on windows (58474e46a8b59e03db5ca0fbd259bad6)] -> xpath: //div[@class='gem-c-radio govuk-radios__item']], [[ChromeDriver: chrome on windows (58474e46a8b59e03db5ca0fbd259bad6)] -> xpath: //div[@class='gem-c-radio govuk-radios__item']], [[ChromeDriver: chrome on windows (58474e46a8b59e03db5ca0fbd259bad6)] -> xpath: //div[@class='gem-c-radio govuk-radios__item']], [[ChromeDriver: chrome on windows (58474e46a8b59e03db5ca0fbd259bad6)] -> xpath: //div[@class='gem-c-radio govuk-radios__item']], [[ChromeDriver: chrome on windows (58474e46a8b59e03db5ca0fbd259bad6)] -> xpath: //div[@class='gem-c-radio govuk-radios__item']], [[ChromeDriver: chrome on windows (58474e46a8b59e03db5ca0fbd259bad6)] -> xpath: //div[@class='gem-c-radio govuk-radios__item']], [[ChromeDriver: chrome on windows (58474e46a8b59e03db5ca0fbd259bad6)] -> xpath: //div[@class='gem-c-radio govuk-radios__item']], [[ChromeDriver: chrome on windows (58474e46a8b59e03db5ca0fbd259bad6)] -> xpath: //div[@class='gem-c-radio govuk-radios__item']]]
2023-07-25 21:07:433 INFO  SelectNationalityPage :36 - click On next step button [[ChromeDriver: chrome on windows (58474e46a8b59e03db5ca0fbd259bad6)] -> xpath: //button[normalize-space()='Continue']]
2023-07-25 21:07:457 INFO  StartPage :33 - click on accept cookies button[[ChromeDriver: chrome on windows (b6d22b3fbae6bea39763ec7f78928de0)] -> xpath: //button[contains(text(),'Accept additional cookies')]]
2023-07-25 21:07:527 INFO  StartPage :39 - click on hide message button[[ChromeDriver: chrome on windows (b6d22b3fbae6bea39763ec7f78928de0)] -> xpath: //button[contains(text(),'Hide this message')]]
2023-07-25 21:07:111 INFO  StartPage :45 - click on start now button[[ChromeDriver: chrome on windows (b6d22b3fbae6bea39763ec7f78928de0)] -> xpath: //a[normalize-space()='Start now']]
2023-07-25 21:07:313 INFO  SelectNationalityPage :30 - select the nationality [[ChromeDriver: chrome on windows (b6d22b3fbae6bea39763ec7f78928de0)] -> xpath: //select[@id='response']]
2023-07-25 21:07:628 INFO  SelectNationalityPage :36 - click On next step button [[ChromeDriver: chrome on windows (b6d22b3fbae6bea39763ec7f78928de0)] -> xpath: //button[normalize-space()='Continue']]
2023-07-25 21:07:966 INFO  ReasonForTravelPage :37 - select reason for travel [[[ChromeDriver: chrome on windows (b6d22b3fbae6bea39763ec7f78928de0)] -> xpath: //div[@class='gem-c-radio govuk-radios__item']], [[ChromeDriver: chrome on windows (b6d22b3fbae6bea39763ec7f78928de0)] -> xpath: //div[@class='gem-c-radio govuk-radios__item']], [[ChromeDriver: chrome on windows (b6d22b3fbae6bea39763ec7f78928de0)] -> xpath: //div[@class='gem-c-radio govuk-radios__item']], [[ChromeDriver: chrome on windows (b6d22b3fbae6bea39763ec7f78928de0)] -> xpath: //div[@class='gem-c-radio govuk-radios__item']], [[ChromeDriver: chrome on windows (b6d22b3fbae6bea39763ec7f78928de0)] -> xpath: //div[@class='gem-c-radio govuk-radios__item']], [[ChromeDriver: chrome on windows (b6d22b3fbae6bea39763ec7f78928de0)] -> xpath: //div[@class='gem-c-radio govuk-radios__item']], [[ChromeDriver: chrome on windows (b6d22b3fbae6bea39763ec7f78928de0)] -> xpath: //div[@class='gem-c-radio govuk-radios__item']], [[ChromeDriver: chrome on windows (b6d22b3fbae6bea39763ec7f78928de0)] -> xpath: //div[@class='gem-c-radio govuk-radios__item']], [[ChromeDriver: chrome on windows (b6d22b3fbae6bea39763ec7f78928de0)] -> xpath: //div[@class='gem-c-radio govuk-radios__item']]]
2023-07-25 21:07:112 INFO  SelectNationalityPage :36 - click On next step button [[ChromeDriver: chrome on windows (b6d22b3fbae6bea39763ec7f78928de0)] -> xpath: //button[normalize-space()='Continue']]
2023-07-25 21:07:298 INFO  DurationOfStayPage :41 - select the length of Stay[[ChromeDriver: chrome on windows (b6d22b3fbae6bea39763ec7f78928de0)] -> xpath: //input[@id='response-0']]
2023-07-25 21:07:325 INFO  DurationOfStayPage :42 - select the length of Stay[[ChromeDriver: chrome on windows (b6d22b3fbae6bea39763ec7f78928de0)] -> xpath: //input[@id='response-1']]
2023-07-25 21:07:429 INFO  SelectNationalityPage :36 - click On next step button [[ChromeDriver: chrome on windows (b6d22b3fbae6bea39763ec7f78928de0)] -> xpath: //button[normalize-space()='Continue']]
2023-07-25 21:07:258 INFO  StartPage :33 - click on accept cookies button[[ChromeDriver: chrome on windows (f73eeff92a4da1ed85fdec76f1464bea)] -> xpath: //button[contains(text(),'Accept additional cookies')]]
2023-07-25 21:07:317 INFO  StartPage :39 - click on hide message button[[ChromeDriver: chrome on windows (f73eeff92a4da1ed85fdec76f1464bea)] -> xpath: //button[contains(text(),'Hide this message')]]
2023-07-25 21:07:669 INFO  StartPage :45 - click on start now button[[ChromeDriver: chrome on windows (f73eeff92a4da1ed85fdec76f1464bea)] -> xpath: //a[normalize-space()='Start now']]
2023-07-25 21:07:769 INFO  SelectNationalityPage :30 - select the nationality [[ChromeDriver: chrome on windows (f73eeff92a4da1ed85fdec76f1464bea)] -> xpath: //select[@id='response']]
2023-07-25 21:07:892 INFO  SelectNationalityPage :36 - click On next step button [[ChromeDriver: chrome on windows (f73eeff92a4da1ed85fdec76f1464bea)] -> xpath: //button[normalize-space()='Continue']]
2023-07-25 21:07:106 INFO  ReasonForTravelPage :37 - select reason for travel [[[ChromeDriver: chrome on windows (f73eeff92a4da1ed85fdec76f1464bea)] -> xpath: //div[@class='gem-c-radio govuk-radios__item']], [[ChromeDriver: chrome on windows (f73eeff92a4da1ed85fdec76f1464bea)] -> xpath: //div[@class='gem-c-radio govuk-radios__item']], [[ChromeDriver: chrome on windows (f73eeff92a4da1ed85fdec76f1464bea)] -> xpath: //div[@class='gem-c-radio govuk-radios__item']], [[ChromeDriver: chrome on windows (f73eeff92a4da1ed85fdec76f1464bea)] -> xpath: //div[@class='gem-c-radio govuk-radios__item']], [[ChromeDriver: chrome on windows (f73eeff92a4da1ed85fdec76f1464bea)] -> xpath: //div[@class='gem-c-radio govuk-radios__item']], [[ChromeDriver: chrome on windows (f73eeff92a4da1ed85fdec76f1464bea)] -> xpath: //div[@class='gem-c-radio govuk-radios__item']], [[ChromeDriver: chrome on windows (f73eeff92a4da1ed85fdec76f1464bea)] -> xpath: //div[@class='gem-c-radio govuk-radios__item']], [[ChromeDriver: chrome on windows (f73eeff92a4da1ed85fdec76f1464bea)] -> xpath: //div[@class='gem-c-radio govuk-radios__item']], [[ChromeDriver: chrome on windows (f73eeff92a4da1ed85fdec76f1464bea)] -> xpath: //div[@class='gem-c-radio govuk-radios__item']]]
2023-07-25 21:07:230 INFO  ReasonForTravelPage :44 - click on continue button[[ChromeDriver: chrome on windows (f73eeff92a4da1ed85fdec76f1464bea)] -> xpath: //button[contains(text(),'Continue')]]
2023-07-25 21:07:415 INFO  ResultPage :51 - confirm the result message[[ChromeDriver: chrome on windows (f73eeff92a4da1ed85fdec76f1464bea)] -> xpath: //h2[contains(text(),'You will not need a visa to come to the UK')]]
